<?xml version="1.0" encoding="UTF-8"?>
<!-- Generated by org.testng.reporters.JUnitXMLReporter -->
<testsuite ignored="8" hostname="DESKTOP-FD4ABG7" failures="0" tests="5" name="Surefire test" time="117.311" errors="0" timestamp="2025-04-05T11:01:42 IST">
  <testcase classname="contactTests.ToCreateContactTest" name="toCreateContact_001" time="12.591"/>
  <testcase classname="contactTests.ToCreateContactWithOrgTest" name="toCreateContact_001" time="19.025"/>
  <testcase classname="organizationTests.ToCreateOrganizationTest" name="toCreateOrganization" time="15.106"/>
  <testcase classname="organizationTests.ToCreateOrgWithIndNTypeTest" name="toCreateOrgWithIndustyAndType" time="15.362"/>
  <testcase classname="organizationTests.ToCreateOrgWithIndustryTest" name="toCreateOrgWithIndusty" time="14.967"/>
  <testcase classname="genericUtility.BaseClass" name="@AfterSuite afterSuiteConfiguration" time="0.0">
    <ignored/>
  </testcase> <!-- @AfterSuite afterSuiteConfiguration -->
  <testcase classname="genericUtility.BaseClass" name="@AfterSuite afterSuiteConfiguration" time="0.0">
    <ignored/>
  </testcase> <!-- @AfterSuite afterSuiteConfiguration -->
  <testcase classname="genericUtility.BaseClass" name="@AfterSuite afterSuiteConfiguration" time="0.0">
    <ignored/>
  </testcase> <!-- @AfterSuite afterSuiteConfiguration -->
  <testcase classname="genericUtility.BaseClass" name="@AfterSuite afterSuiteConfiguration" time="0.0">
    <ignored/>
  </testcase> <!-- @AfterSuite afterSuiteConfiguration -->
  <testcase classname="genericUtility.BaseClass" name="@BeforeSuite beforeSuiteConfiguarjion" time="0.0">
    <ignored/>
  </testcase> <!-- @BeforeSuite beforeSuiteConfiguarjion -->
  <testcase classname="genericUtility.BaseClass" name="@BeforeSuite beforeSuiteConfiguarjion" time="0.0">
    <ignored/>
  </testcase> <!-- @BeforeSuite beforeSuiteConfiguarjion -->
  <testcase classname="genericUtility.BaseClass" name="@BeforeSuite beforeSuiteConfiguarjion" time="0.0">
    <ignored/>
  </testcase> <!-- @BeforeSuite beforeSuiteConfiguarjion -->
  <testcase classname="genericUtility.BaseClass" name="@BeforeSuite beforeSuiteConfiguarjion" time="0.0">
    <ignored/>
  </testcase> <!-- @BeforeSuite beforeSuiteConfiguarjion -->
</testsuite> <!-- Surefire test -->
