<?xml version="1.0" encoding="UTF-8"?>
<!-- Generated by org.testng.reporters.JUnitXMLReporter -->
<testsuite ignored="8" hostname="DESKTOP-FD4ABG7" failures="1" tests="5" name="Test" time="112.989" errors="0" timestamp="2025-04-03T10:30:42 IST">
  <testcase classname="organizationTests.ToCreateOrganizationTest" name="toCreateOrganization" time="14.413"/>
  <testcase classname="organizationTests.ToCreateOrgWithIndNTypeTest" name="toCreateOrgWithIndustyAndType" time="16.661"/>
  <testcase classname="organizationTests.ToCreateOrgWithIndustryTest" name="toCreateOrgWithIndusty" time="16.701"/>
  <testcase classname="contactTests.ToCreateContactWithOrgTest" name="toCreateContact_001" time="19.011"/>
  <testcase classname="contactTests.ToCreateContactTest" name="toCreateContact_001" time="12.821">
    <failure type="java.lang.AssertionError" message="null">
      <![CDATA[java.lang.AssertionError: null
at contactTests.ToCreateContactTest.toCreateContact_001(ToCreateContactTest.java:38)
at java.base/java.util.ArrayList.forEach(ArrayList.java:1597)
... Removed 27 stack frames]]>
    </failure>
  </testcase> <!-- toCreateContact_001 -->
  <testcase classname="genericUtility.BaseClass" name="@AfterSuite afterSuiteConfiguration" time="0.0">
    <ignored/>
  </testcase> <!-- @AfterSuite afterSuiteConfiguration -->
  <testcase classname="genericUtility.BaseClass" name="@AfterSuite afterSuiteConfiguration" time="0.0">
    <ignored/>
  </testcase> <!-- @AfterSuite afterSuiteConfiguration -->
  <testcase classname="genericUtility.BaseClass" name="@AfterSuite afterSuiteConfiguration" time="0.0">
    <ignored/>
  </testcase> <!-- @AfterSuite afterSuiteConfiguration -->
  <testcase classname="genericUtility.BaseClass" name="@AfterSuite afterSuiteConfiguration" time="0.0">
    <ignored/>
  </testcase> <!-- @AfterSuite afterSuiteConfiguration -->
  <testcase classname="genericUtility.BaseClass" name="@BeforeSuite beforeSuiteConfiguarjion" time="0.0">
    <ignored/>
  </testcase> <!-- @BeforeSuite beforeSuiteConfiguarjion -->
  <testcase classname="genericUtility.BaseClass" name="@BeforeSuite beforeSuiteConfiguarjion" time="0.0">
    <ignored/>
  </testcase> <!-- @BeforeSuite beforeSuiteConfiguarjion -->
  <testcase classname="genericUtility.BaseClass" name="@BeforeSuite beforeSuiteConfiguarjion" time="0.0">
    <ignored/>
  </testcase> <!-- @BeforeSuite beforeSuiteConfiguarjion -->
  <testcase classname="genericUtility.BaseClass" name="@BeforeSuite beforeSuiteConfiguarjion" time="0.0">
    <ignored/>
  </testcase> <!-- @BeforeSuite beforeSuiteConfiguarjion -->
</testsuite> <!-- Test -->
