<?xml version="1.0" encoding="UTF-8"?>
<!-- Generated by org.testng.reporters.JUnitXMLReporter -->
<testsuite ignored="8" hostname="DESKTOP-FD4ABG7" failures="0" tests="5" name="Test" time="120.46" errors="0" timestamp="2025-03-27T09:49:37 IST">
  <testcase classname="organizationTests.ToCreateOrganizationTest" name="toCreateOrganization" time="31.19"/>
  <testcase classname="organizationTests.ToCreateOrgWithIndNTypeTest" name="toCreateOrgWithIndustyAndType" time="12.421"/>
  <testcase classname="organizationTests.ToCreateOrgWithIndustryTest" name="toCreateOrgWithIndusty" time="11.886"/>
  <testcase classname="contactTests.ToCreateContactWithOrgTest" name="toCreateContact_001" time="16.771"/>
  <testcase classname="contactTests.ToCreateContactTest" name="toCreateContact_001" time="10.674"/>
  <testcase classname="genericUtility.BaseClass" name="@AfterSuite afterSuiteConfiguration" time="0.0">
    <ignored/>
  </testcase> <!-- @AfterSuite afterSuiteConfiguration -->
  <testcase classname="genericUtility.BaseClass" name="@AfterSuite afterSuiteConfiguration" time="0.0">
    <ignored/>
  </testcase> <!-- @AfterSuite afterSuiteConfiguration -->
  <testcase classname="genericUtility.BaseClass" name="@AfterSuite afterSuiteConfiguration" time="0.0">
    <ignored/>
  </testcase> <!-- @AfterSuite afterSuiteConfiguration -->
  <testcase classname="genericUtility.BaseClass" name="@AfterSuite afterSuiteConfiguration" time="0.0">
    <ignored/>
  </testcase> <!-- @AfterSuite afterSuiteConfiguration -->
  <testcase classname="genericUtility.BaseClass" name="@BeforeSuite beforeSuiteConfiguarjion" time="0.0">
    <ignored/>
  </testcase> <!-- @BeforeSuite beforeSuiteConfiguarjion -->
  <testcase classname="genericUtility.BaseClass" name="@BeforeSuite beforeSuiteConfiguarjion" time="0.0">
    <ignored/>
  </testcase> <!-- @BeforeSuite beforeSuiteConfiguarjion -->
  <testcase classname="genericUtility.BaseClass" name="@BeforeSuite beforeSuiteConfiguarjion" time="0.0">
    <ignored/>
  </testcase> <!-- @BeforeSuite beforeSuiteConfiguarjion -->
  <testcase classname="genericUtility.BaseClass" name="@BeforeSuite beforeSuiteConfiguarjion" time="0.0">
    <ignored/>
  </testcase> <!-- @BeforeSuite beforeSuiteConfiguarjion -->
</testsuite> <!-- Test -->
