<?xml version="1.0" encoding="UTF-8"?>
<!-- Generated by org.testng.reporters.JUnitXMLReporter -->
<testsuite ignored="2" hostname="DESKTOP-FD4ABG7" failures="0" tests="2" name="Test1" time="53.772" errors="0" timestamp="2025-03-27T09:39:47 IST">
  <testcase classname="contactTests.ToCreateContactWithOrgTest" name="toCreateContact_001" time="22.325"/>
  <testcase classname="contactTests.ToCreateContactTest" name="toCreateContact_001" time="15.254"/>
  <testcase classname="genericUtility.BaseClass" name="@AfterSuite afterSuiteConfiguration" time="0.0">
    <ignored/>
  </testcase> <!-- @AfterSuite afterSuiteConfiguration -->
  <testcase classname="genericUtility.BaseClass" name="@BeforeSuite beforeSuiteConfiguarjion" time="0.0">
    <ignored/>
  </testcase> <!-- @BeforeSuite beforeSuiteConfiguarjion -->
</testsuite> <!-- Test1 -->
