<?xml version="1.0" encoding="UTF-8"?>
<!-- Generated by org.testng.reporters.JUnitXMLReporter -->
<testsuite ignored="4" hostname="DESKTOP-FD4ABG7" failures="0" tests="3" name="Test2" time="88.124" errors="0" timestamp="2025-03-27T09:40:21 IST">
  <testcase classname="organizationTests.ToCreateOrganizationTest" name="toCreateOrganization" time="16.568"/>
  <testcase classname="organizationTests.ToCreateOrgWithIndNTypeTest" name="toCreateOrgWithIndustyAndType" time="16.883"/>
  <testcase classname="organizationTests.ToCreateOrgWithIndustryTest" name="toCreateOrgWithIndusty" time="27.4"/>
  <testcase classname="genericUtility.BaseClass" name="@AfterSuite afterSuiteConfiguration" time="0.0">
    <ignored/>
  </testcase> <!-- @AfterSuite afterSuiteConfiguration -->
  <testcase classname="genericUtility.BaseClass" name="@AfterSuite afterSuiteConfiguration" time="0.0">
    <ignored/>
  </testcase> <!-- @AfterSuite afterSuiteConfiguration -->
  <testcase classname="genericUtility.BaseClass" name="@BeforeSuite beforeSuiteConfiguarjion" time="0.0">
    <ignored/>
  </testcase> <!-- @BeforeSuite beforeSuiteConfiguarjion -->
  <testcase classname="genericUtility.BaseClass" name="@BeforeSuite beforeSuiteConfiguarjion" time="0.0">
    <ignored/>
  </testcase> <!-- @BeforeSuite beforeSuiteConfiguarjion -->
</testsuite> <!-- Test2 -->
