<?xml version="1.0" encoding="UTF-8"?>
<testsuite xmlns:xsi="http://www.w3.org/2001/XMLSchema-instance" xsi:noNamespaceSchemaLocation="https://maven.apache.org/surefire/maven-surefire-plugin/xsd/surefire-test-report.xsd" version="3.0.2" name="TestSuite" time="121.519" tests="5" errors="0" skipped="0" failures="0">
  <properties>
[...]
</properties>
  <testcase name="toCreateOrganization" classname="organizationTests.ToCreateOrganizationTest" time="31.185">
    <system-out><![CDATA[Data base connection established
---Suite Execution Started---
Browser Launced Successfully
Logged in suceessfully
toCreateOrganization---Started
GlobalLogic -----Passed
toCreateOrganization---Passed
]]></system-out>
    <system-err><![CDATA[SLF4J: Failed to load class "org.slf4j.impl.StaticLoggerBinder".
SLF4J: Defaulting to no-operation (NOP) logger implementation
SLF4J: See http://www.slf4j.org/codes.html#StaticLoggerBinder for further details.
Mar 27, 2025 9:47:41 AM org.openqa.selenium.devtools.CdpVersionFinder findNearestMatch
WARNING: Unable to find CDP implementation matching 134
Mar 27, 2025 9:47:41 AM org.openqa.selenium.chromium.ChromiumDriver lambda$new$5
WARNING: Unable to find version of CDP to use for 134.0.6998.119. You may need to include a dependency on a specific version of the CDP using something similar to `org.seleniumhq.selenium:selenium-devtools-v86:4.12.1` where the version ("v86") matches the version of the chromium-based browser you're using and the version number of the artifact is the same as Selenium's.
]]></system-err>
  </testcase>
  <testcase name="toCreateOrgWithIndustyAndType" classname="organizationTests.ToCreateOrgWithIndNTypeTest" time="12.422">
    <system-out><![CDATA[Logged out successfully
Browser got closed successfully
Browser Launced Successfully
Logged in suceessfully
toCreateOrgWithIndustyAndType---Started
[ ACC84 ] GlobalLogic1418 - Organization Information With [[ChromeDriver: chrome on windows (6cdffa7d5751a0fb3c68da4c2dc69bae)] -> name: industry] And [[ChromeDriver: chrome on windows (6cdffa7d5751a0fb3c68da4c2dc69bae)] -> name: accounttype]----Passed
toCreateOrgWithIndustyAndType---Passed
]]></system-out>
    <system-err><![CDATA[Mar 27, 2025 9:48:31 AM org.openqa.selenium.devtools.CdpVersionFinder findNearestMatch
WARNING: Unable to find CDP implementation matching 134
Mar 27, 2025 9:48:31 AM org.openqa.selenium.chromium.ChromiumDriver lambda$new$5
WARNING: Unable to find version of CDP to use for 134.0.6998.119. You may need to include a dependency on a specific version of the CDP using something similar to `org.seleniumhq.selenium:selenium-devtools-v86:4.12.1` where the version ("v86") matches the version of the chromium-based browser you're using and the version number of the artifact is the same as Selenium's.
]]></system-err>
  </testcase>
  <testcase name="toCreateOrgWithIndusty" classname="organizationTests.ToCreateOrgWithIndustryTest" time="11.874">
    <system-out><![CDATA[Logged out successfully
Browser got closed successfully
Browser Launced Successfully
Logged in suceessfully
toCreateOrgWithIndusty---Started
[ ACC85 ] GlobalLogic141 - Organization Information -----Passed
toCreateOrgWithIndusty---Passed
]]></system-out>
    <system-err><![CDATA[Mar 27, 2025 9:48:47 AM org.openqa.selenium.devtools.CdpVersionFinder findNearestMatch
WARNING: Unable to find CDP implementation matching 134
Mar 27, 2025 9:48:47 AM org.openqa.selenium.chromium.ChromiumDriver lambda$new$5
WARNING: Unable to find version of CDP to use for 134.0.6998.119. You may need to include a dependency on a specific version of the CDP using something similar to `org.seleniumhq.selenium:selenium-devtools-v86:4.12.1` where the version ("v86") matches the version of the chromium-based browser you're using and the version number of the artifact is the same as Selenium's.
]]></system-err>
  </testcase>
  <testcase name="toCreateContact_001" classname="contactTests.ToCreateContactWithOrgTest" time="16.771">
    <system-out><![CDATA[Logged out successfully
Browser got closed successfully
Browser Launced Successfully
Logged in suceessfully
toCreateContact_001---Started
[ CON64 ] HrithikRoshan - Contact Information and abc Pass
toCreateContact_001---Passed
]]></system-out>
    <system-err><![CDATA[Mar 27, 2025 9:49:03 AM org.openqa.selenium.devtools.CdpVersionFinder findNearestMatch
WARNING: Unable to find CDP implementation matching 134
Mar 27, 2025 9:49:03 AM org.openqa.selenium.chromium.ChromiumDriver lambda$new$5
WARNING: Unable to find version of CDP to use for 134.0.6998.119. You may need to include a dependency on a specific version of the CDP using something similar to `org.seleniumhq.selenium:selenium-devtools-v86:4.12.1` where the version ("v86") matches the version of the chromium-based browser you're using and the version number of the artifact is the same as Selenium's.
]]></system-err>
  </testcase>
  <testcase name="toCreateContact_001" classname="contactTests.ToCreateContactTest" time="10.674">
    <system-out><![CDATA[Logged out successfully
Browser got closed successfully
Browser Launced Successfully
Logged in suceessfully
toCreateContact_001---Started
[ CON65 ] HrithikRoshan - Contact Information Created successfully
toCreateContact_001---Passed
]]></system-out>
    <system-err><![CDATA[Mar 27, 2025 9:49:24 AM org.openqa.selenium.devtools.CdpVersionFinder findNearestMatch
WARNING: Unable to find CDP implementation matching 134
Mar 27, 2025 9:49:24 AM org.openqa.selenium.chromium.ChromiumDriver lambda$new$5
WARNING: Unable to find version of CDP to use for 134.0.6998.119. You may need to include a dependency on a specific version of the CDP using something similar to `org.seleniumhq.selenium:selenium-devtools-v86:4.12.1` where the version ("v86") matches the version of the chromium-based browser you're using and the version number of the artifact is the same as Selenium's.
]]></system-err>
  </testcase>
</testsuite>